<?xml version="1.0" encoding="UTF-8"?>
<!-- Generated by org.testng.reporters.JUnitReportReporter -->
<testsuite skipped="0" hostname="Mano" name="com.testautomation.TestRunner.TestRunner" tests="2" failures="0" timestamp="27 Dec 2020 08:11:09 GMT" time="28.357" errors="0">
  <testcase name="feature" time="14.415" classname="com.testautomation.TestRunner.TestRunner"/>
  <testcase name="feature" time="13.942" classname="com.testautomation.TestRunner.TestRunner"/>
</testsuite> <!-- com.testautomation.TestRunner.TestRunner -->
